# JRE version: Java(TM) SE Runtime Environment 18.9 (11.0.15+8) (build 11.0.15+8-LTS-149)
# Java VM: Java HotSpot(TM) 64-Bit Server VM 18.9 (11.0.15+8-LTS-149, mixed mode, tiered, compressed oops, g1 gc, windows-amd64)
Heap:
 garbage-first heap   total 315392K, used 21098K [0x0000000700c00000, 0x0000000800000000)
  region size 1024K, 14 young (14336K), 14 survivors (14336K)
 Metaspace       used 55321K, capacity 56636K, committed 56960K, reserved 1097728K
  class space    used 7161K, capacity 7699K, committed 7808K, reserved 1048576K
GC Heap History (9 events):
Event: 0.675 GC heap before
{Heap before GC invocations=0 (full 0):
 garbage-first heap   total 262144K, used 24576K [0x0000000700c00000, 0x0000000800000000)
  region size 1024K, 24 young (24576K), 0 survivors (0K)
 Metaspace       used 11385K, capacity 11647K, committed 11776K, reserved 1060864K
  class space    used 1128K, capacity 1209K, committed 1280K, reserved 1048576K
}
Event: 0.679 GC heap after
{Heap after GC invocations=1 (full 0):
 garbage-first heap   total 262144K, used 6834K [0x0000000700c00000, 0x0000000800000000)
  region size 1024K, 3 young (3072K), 3 survivors (3072K)
 Metaspace       used 11385K, capacity 11647K, committed 11776K, reserved 1060864K
  class space    used 1128K, capacity 1209K, committed 1280K, reserved 1048576K
}
Event: 1.216 GC heap before
{Heap before GC invocations=1 (full 0):
 garbage-first heap   total 262144K, used 62130K [0x0000000700c00000, 0x0000000800000000)
  region size 1024K, 58 young (59392K), 3 survivors (3072K)
 Metaspace       used 20506K, capacity 21033K, committed 21248K, reserved 1069056K
  class space    used 2366K, capacity 2541K, committed 2560K, reserved 1048576K
}
Event: 1.222 GC heap after
{Heap after GC invocations=2 (full 0):
 garbage-first heap   total 262144K, used 9090K [0x0000000700c00000, 0x0000000800000000)
  region size 1024K, 6 young (6144K), 6 survivors (6144K)
 Metaspace       used 20506K, capacity 21033K, committed 21248K, reserved 1069056K
  class space    used 2366K, capacity 2541K, committed 2560K, reserved 1048576K
}
Event: 1.686 GC heap before
{Heap before GC invocations=3 (full 0):
 garbage-first heap   total 262144K, used 70530K [0x0000000700c00000, 0x0000000800000000)
  region size 1024K, 66 young (67584K), 6 survivors (6144K)
 Metaspace       used 27966K, capacity 28613K, committed 28672K, reserved 1075200K
  class space    used 3292K, capacity 3564K, committed 3584K, reserved 1048576K
}
Event: 1.692 GC heap after
{Heap after GC invocations=4 (full 0):
 garbage-first heap   total 262144K, used 11679K [0x0000000700c00000, 0x0000000800000000)
  region size 1024K, 5 young (5120K), 5 survivors (5120K)
 Metaspace       used 27966K, capacity 28613K, committed 28672K, reserved 1075200K
  class space    used 3292K, capacity 3564K, committed 3584K, reserved 1048576K
}
Event: 2.939 GC heap before
{Heap before GC invocations=4 (full 0):
 garbage-first heap   total 262144K, used 116127K [0x0000000700c00000, 0x0000000800000000)
  region size 1024K, 108 young (110592K), 5 survivors (5120K)
 Metaspace       used 34625K, capacity 35456K, committed 35584K, reserved 1081344K
  class space    used 4156K, capacity 4499K, committed 4608K, reserved 1048576K
}
Event: 2.947 GC heap after
{Heap after GC invocations=5 (full 0):
 garbage-first heap   total 262144K, used 15224K [0x0000000700c00000, 0x0000000800000000)
  region size 1024K, 9 young (9216K), 9 survivors (9216K)
 Metaspace       used 34625K, capacity 35456K, committed 35584K, reserved 1081344K
  class space    used 4156K, capacity 4499K, committed 4608K, reserved 1048576K
}
Event: 5.165 GC heap before
{Heap before GC invocations=6 (full 0):
 garbage-first heap   total 262144K, used 162680K [0x0000000700c00000, 0x0000000800000000)
  region size 1024K, 153 young (156672K), 9 survivors (9216K)
 Metaspace       used 55321K, capacity 56636K, committed 56960K, reserved 1097728K
  class space    used 7161K, capacity 7699K, committed 7808K, reserved 1048576K
}

