# JRE version: Java(TM) SE Runtime Environment 18.9 (11.0.15+8) (build 11.0.15+8-LTS-149)
# Java VM: Java HotSpot(TM) 64-Bit Server VM 18.9 (11.0.15+8-LTS-149, mixed mode, tiered, compressed oops, g1 gc, windows-amd64)
Heap:
 garbage-first heap   total 262144K, used 102654K [0x0000000700c00000, 0x0000000800000000)
  region size 1024K, 95 young (97280K), 9 survivors (9216K)
 Metaspace       used 46435K, capacity 47618K, committed 47744K, reserved 1091584K
  class space    used 5728K, capacity 6218K, committed 6272K, reserved 1048576K
GC Heap History (10 events):
Event: 0.684 GC heap before
{Heap before GC invocations=0 (full 0):
 garbage-first heap   total 262144K, used 24576K [0x0000000700c00000, 0x0000000800000000)
  region size 1024K, 24 young (24576K), 0 survivors (0K)
 Metaspace       used 11331K, capacity 11564K, committed 11776K, reserved 1060864K
  class space    used 1122K, capacity 1201K, committed 1280K, reserved 1048576K
}
Event: 0.687 GC heap after
{Heap after GC invocations=1 (full 0):
 garbage-first heap   total 262144K, used 6803K [0x0000000700c00000, 0x0000000800000000)
  region size 1024K, 3 young (3072K), 3 survivors (3072K)
 Metaspace       used 11331K, capacity 11564K, committed 11776K, reserved 1060864K
  class space    used 1122K, capacity 1201K, committed 1280K, reserved 1048576K
}
Event: 1.188 GC heap before
{Heap before GC invocations=1 (full 0):
 garbage-first heap   total 262144K, used 64147K [0x0000000700c00000, 0x0000000800000000)
  region size 1024K, 60 young (61440K), 3 survivors (3072K)
 Metaspace       used 20594K, capacity 21041K, committed 21248K, reserved 1069056K
  class space    used 2373K, capacity 2545K, committed 2560K, reserved 1048576K
}
Event: 1.194 GC heap after
{Heap after GC invocations=2 (full 0):
 garbage-first heap   total 262144K, used 9393K [0x0000000700c00000, 0x0000000800000000)
  region size 1024K, 6 young (6144K), 6 survivors (6144K)
 Metaspace       used 20594K, capacity 21041K, committed 21248K, reserved 1069056K
  class space    used 2373K, capacity 2545K, committed 2560K, reserved 1048576K
}
Event: 1.632 GC heap before
{Heap before GC invocations=3 (full 0):
 garbage-first heap   total 262144K, used 69809K [0x0000000700c00000, 0x0000000800000000)
  region size 1024K, 66 young (67584K), 6 survivors (6144K)
 Metaspace       used 28037K, capacity 28714K, committed 28928K, reserved 1075200K
  class space    used 3295K, capacity 3554K, committed 3584K, reserved 1048576K
}
Event: 1.638 GC heap after
{Heap after GC invocations=4 (full 0):
 garbage-first heap   total 262144K, used 11814K [0x0000000700c00000, 0x0000000800000000)
  region size 1024K, 5 young (5120K), 5 survivors (5120K)
 Metaspace       used 28037K, capacity 28714K, committed 28928K, reserved 1075200K
  class space    used 3295K, capacity 3554K, committed 3584K, reserved 1048576K
}
Event: 2.562 GC heap before
{Heap before GC invocations=4 (full 0):
 garbage-first heap   total 262144K, used 98854K [0x0000000700c00000, 0x0000000800000000)
  region size 1024K, 90 young (92160K), 5 survivors (5120K)
 Metaspace       used 32280K, capacity 33029K, committed 33152K, reserved 1079296K
  class space    used 3826K, capacity 4153K, committed 4224K, reserved 1048576K
}
Event: 2.568 GC heap after
{Heap after GC invocations=5 (full 0):
 garbage-first heap   total 262144K, used 14388K [0x0000000700c00000, 0x0000000800000000)
  region size 1024K, 8 young (8192K), 8 survivors (8192K)
 Metaspace       used 32280K, capacity 33029K, committed 33152K, reserved 1079296K
  class space    used 3826K, capacity 4153K, committed 4224K, reserved 1048576K
}
Event: 2.860 GC heap before
{Heap before GC invocations=5 (full 0):
 garbage-first heap   total 262144K, used 33844K [0x0000000700c00000, 0x0000000800000000)
  region size 1024K, 28 young (28672K), 8 survivors (8192K)
 Metaspace       used 34679K, capacity 35517K, committed 35628K, reserved 1081344K
  class space    used 4146K, capacity 4456K, committed 4480K, reserved 1048576K
}
Event: 2.867 GC heap after
{Heap after GC invocations=6 (full 0):
 garbage-first heap   total 262144K, used 15614K [0x0000000700c00000, 0x0000000800000000)
  region size 1024K, 9 young (9216K), 9 survivors (9216K)
 Metaspace       used 34679K, capacity 35517K, committed 35628K, reserved 1081344K
  class space    used 4146K, capacity 4456K, committed 4480K, reserved 1048576K
}

